-------------------------------------------------------------------------------
Test set: com.meuteste.UsuarioServiceTest
-------------------------------------------------------------------------------
Tests run: 4, Failures: 2, Errors: 0, Skipped: 0, Time elapsed: 0.004 s <<< FAILURE! - in com.meuteste.UsuarioServiceTest
testCadastroUsuario_ComSenhaVazia  Time elapsed: 0.001 s  <<< FAILURE!
org.opentest4j.AssertionFailedError: Expected java.lang.IllegalArgumentException to be thrown, but nothing was thrown.
	at com.meuteste.UsuarioServiceTest.testCadastroUsuario_ComSenhaVazia(UsuarioServiceTest.java:44)

testCadastroUsuario_ComEmailVazio  Time elapsed: 0.001 s  <<< FAILURE!
org.opentest4j.AssertionFailedError: Expected java.lang.IllegalArgumentException to be thrown, but nothing was thrown.
	at com.meuteste.UsuarioServiceTest.testCadastroUsuario_ComEmailVazio(UsuarioServiceTest.java:35)

