<?xml version="1.0" encoding="UTF-8"?>
<testsuite xmlns:xsi="http://www.w3.org/2001/XMLSchema-instance" xsi:noNamespaceSchemaLocation="https://maven.apache.org/surefire/maven-surefire-plugin/xsd/surefire-test-report.xsd" name="com.meuteste.PrestadorServiceTest" time="0.032" tests="4" errors="0" skipped="0" failures="0">
  <properties>
[...]
</properties>
  <testcase name="testCadastroPrestador_SemComprovanteResidencia" classname="com.meuteste.PrestadorServiceTest" time="0.021"/>
  <testcase name="testCadastroPrestador_SemAreaAbrangencia" classname="com.meuteste.PrestadorServiceTest" time="0"/>
  <testcase name="testCadastroPrestador_SemFotoVeiculo" classname="com.meuteste.PrestadorServiceTest" time="0.001"/>
  <testcase name="testCadastroPrestador_SemDocumentacaoVeiculo" classname="com.meuteste.PrestadorServiceTest" time="0.002"/>
</testsuite>