<?xml version="1.0" encoding="UTF-8"?>
<testsuite xmlns:xsi="http://www.w3.org/2001/XMLSchema-instance" xsi:noNamespaceSchemaLocation="https://maven.apache.org/surefire/maven-surefire-plugin/xsd/surefire-test-report.xsd" name="com.meuteste.UsuarioServiceTest" time="0.004" tests="4" errors="0" skipped="0" failures="2">
  <properties>
[...]
</properties>
  <testcase name="testCadastroUsuario_ComDadosValidos" classname="com.meuteste.UsuarioServiceTest" time="0"/>
  <testcase name="testCadastroUsuario_ComSenhaVazia" classname="com.meuteste.UsuarioServiceTest" time="0.001">
    <failure message="Expected java.lang.IllegalArgumentException to be thrown, but nothing was thrown." type="org.opentest4j.AssertionFailedError">org.opentest4j.AssertionFailedError: Expected java.lang.IllegalArgumentException to be thrown, but nothing was thrown.
	at com.meuteste.UsuarioServiceTest.testCadastroUsuario_ComSenhaVazia(UsuarioServiceTest.java:44)
</failure>
  </testcase>
  <testcase name="testCadastroUsuario_ComNomeVazio" classname="com.meuteste.UsuarioServiceTest" time="0.001"/>
  <testcase name="testCadastroUsuario_ComEmailVazio" classname="com.meuteste.UsuarioServiceTest" time="0.001">
    <failure message="Expected java.lang.IllegalArgumentException to be thrown, but nothing was thrown." type="org.opentest4j.AssertionFailedError">org.opentest4j.AssertionFailedError: Expected java.lang.IllegalArgumentException to be thrown, but nothing was thrown.
	at com.meuteste.UsuarioServiceTest.testCadastroUsuario_ComEmailVazio(UsuarioServiceTest.java:35)
</failure>
  </testcase>
</testsuite>